{"devicePlatform":"","logFolder":"G:\\Katalon Projects\\DigiBank_Demo\\Reports\\JIRAIntegration\\20180531_141436","runData":{"hostName":"SRAVANIBHARAT - DESKTOP-7OG2TPC","hostAddress":"192.168.43.119","os":"Windows 10 64bit","katalonVersion":"5.4.1.1"},"type":"TEST_SUITE","name":"JIRAIntegration","id":"Test Suites/JIRAIntegration","source":"","message":"Test Cases/Web/DIGIBANKSG-1 FAILED because (of) Variable \u0027WebUI\u0027 is not defined for test case.","description":"","startTime":1527756279170,"endTime":1527756280250,"childRecords":[{"isOptional":false,"type":"TEST_CASE","name":"Test Cases/Web/DIGIBANKSG-1","id":"Test Cases/Web/DIGIBANKSG-1","source":"G:\\\\Katalon Projects\\\\DigiBank_Demo\\\\Test Cases\\\\Web\\\\DIGIBANKSG-1.tc","message":"Test Cases/Web/DIGIBANKSG-1 FAILED because (of) Variable \u0027WebUI\u0027 is not defined for test case.","description":"Summary: Customer Login\\nDescription: ","startTime":1527756279886,"endTime":1527756280188,"childRecords":[{"testStatus":{"stackTrace":"","statusValue":"INFO"},"type":"MESSAGE","name":"","message":"Evaluating variables for test case","startTime":1527756279920,"endTime":0,"childRecords":[],"interuppted":false},{"index":1,"isIgnoredIfFailed":false,"type":"TEST_STEP","name":"Statement - WebUI.comment(\"Feature: Customer Login\")","description":"","startTime":1527756280172,"endTime":1527756280176,"childRecords":[],"interuppted":false},{"testStatus":{"stackTrace":"","statusValue":"ERROR"},"type":"MESSAGE","name":"","message":"Test Cases/Web/DIGIBANKSG-1 FAILED because (of) Variable \u0027WebUI\u0027 is not defined for test case.","startTime":1527756280179,"endTime":0,"childRecords":[],"interuppted":false}],"interuppted":false}],"interuppted":false}