<?xml version="1.0" encoding="UTF-8"?>
<testsuites name="JIRAIntegration" time="0" tests="0" failures="0" errors="1">
   <testsuite name="JIRAIntegration" tests="0" failures="0" errors="1" time="0" timestamp="2018-05-31 13:41:04" hostname="SRAVANIBHARAT - DESKTOP-7OG2TPC" id="Test Suites/JIRAIntegration">
      <properties>
         <property name="deviceName" value=""/>
         <property name="devicePlatform" value=""/>
         <property name="logFolder" value="G:\\Katalon Projects\\DigiBank_Demo\\Reports\\JIRAIntegration\\20180531_134102"/>
         <property name="logFiles" value="G:\\Katalon Projects\\DigiBank_Demo\\Reports\\JIRAIntegration\\20180531_134102\\execution0.log"/>
         <property name="attachments" value=""/>
         <property name="hostName" value="SRAVANIBHARAT - DESKTOP-7OG2TPC"/>
         <property name="hostAddress" value="192.168.43.119"/>
         <property name="os" value="Windows 10 64bit"/>
         <property name="katalonVersion" value="5.4.1.1"/>
      </properties>
      <testcase name="Test Cases/Mobile/Login/MOBILE-1" classname="Test Cases/Mobile/Login/MOBILE-1" status="ERROR">
         <error type="ERROR" message="Test Cases/Mobile/Login/MOBILE-1 FAILED because (of) Variable 'WebUI' is not defined for test case."/>
         <system-out><![CDATA[2018-05-31 13:41:05 - [TEST_CASE][ERROR] - Test Cases/Mobile/Login/MOBILE-1: Test Cases/Mobile/Login/MOBILE-1 FAILED because (of) Variable 'WebUI' is not defined for test case.

2018-05-31 13:41:05 - [TEST_STEP][PASSED] - Statement - WebUI.comment("Feature: Customer Login"): null]]></system-out>
         <system-err><![CDATA[2018-05-31 13:41:05 - [TEST_CASE][ERROR] - Test Cases/Mobile/Login/MOBILE-1: Test Cases/Mobile/Login/MOBILE-1 FAILED because (of) Variable 'WebUI' is not defined for test case.]]></system-err>
      </testcase>
      <system-out><![CDATA[2018-05-31 13:41:04 - [TEST_SUITE][ERROR] - JIRAIntegration: Test Cases/Mobile/Login/MOBILE-1 FAILED because (of) Variable 'WebUI' is not defined for test case.]]></system-out>
      <system-err><![CDATA[2018-05-31 13:41:04 - [TEST_SUITE][ERROR] - JIRAIntegration: Test Cases/Mobile/Login/MOBILE-1 FAILED because (of) Variable 'WebUI' is not defined for test case.]]></system-err>
   </testsuite>
</testsuites>
